Arguments: 
  /usr/local/bin/node /Users/sxuhms/.npm-global/bin/yarn global bin

PATH: 
  /usr/local/git/bin:/usr/local/bin:/usr/bin:/bin:/usr/sbin:/sbin:/Users/sxuhms/.nvm/versions/node/v10.13.0/bin:/usr/local/git/bin:/Users/sxuhms/bin/node:usr/local/bin/npm:/Users/sxuhms/.npm-global/bin:/opt/yarn-[version]/bin:/Users/sxuhms/.yarn/bin:/Users/sxuhms/homebrew/bin:/Users/sxuhms/php-7.2.11:/Users/sxuhms/pear/bin:/Users/sxuhms/pear/share/pear:/Users/sxuhms/.composer:/Users/sxuhms/.phantomjs/lib/phantom/bin:/nvm.sh:/bin/sh:/path/to/depot_tools:/Users/sxuhms/bin/node:usr/local/bin/npm:/Users/sxuhms/.npm-global/bin:/opt/yarn-[version]/bin

Yarn version: 
  1.9.4

Node version: 
  8.9.0

Platform: 
  darwin x64

Trace: 
  SyntaxError: /Users/sxuhms/Documents/Websites/cxd-workspace/cxd-ds-ucons/package.json: Unexpected token . in JSON at position 156
      at JSON.parse (<anonymous>)
      at /Users/sxuhms/.npm-global/lib/node_modules/yarn/lib/cli.js:1130:59
      at Generator.next (<anonymous>)
      at step (/Users/sxuhms/.npm-global/lib/node_modules/yarn/lib/cli.js:92:30)
      at /Users/sxuhms/.npm-global/lib/node_modules/yarn/lib/cli.js:103:13
      at <anonymous>

npm manifest: 
  {
    "name": "cxd-ds-ucons",
    "version": "1.0.0",
    "description": "Icons for Blueprint Design System",
    "main": "index.js",
    "babel": {
      "presets": [ ... ],
      "plugins": [ ... ],
    }
    "scripts": {
      "test": "echo \"Error: no test specified\" && exit 1",
      "start": "gulp serve"
    },
    "files": [
      "blueprint-symbol-defs.svg",
      "injector/dist",
      "assets",
      "sprite-factory",
      "demo"
    ],
    "repository": {
      "type": "git",
      "url": "https://sxuhms@bitbucket:8443/scm/flk/cxd-ds-ucons.git"
    },
    "keywords": [
      "svg",
      "icons"
    ],
    "author": "The Fannie Mae CXD Teanm",
    "license": "ISC",
    "devDependencies": {
      "@babel/cli": "^7.2.0",
      "@babel/core": "^7.2.0",
      "@babel/preset-env": "^7.2.0",
      "browser-sync": "^2.26.3",
      "connect-livereload": "^0.6.0",
      "eslint": "^5.10.0",
      "eslint-config-standard": "^12.0.0",
      "eslint-plugin-import": "^2.14.0",
      "eslint-plugin-node": "^8.0.0",
      "eslint-plugin-promise": "^4.0.1",
      "eslint-plugin-standard": "^4.0.0",
      "express": "^4.16.4",
      "gulp": "^3.9.1",
      "gulp-babel": "^8.0.0",
      "gulp-concat": "^2.6.1",
      "gulp-copy": "^4.0.1",
      "gulp-eslint": "^5.0.0",
      "gulp-express": "^0.3.5",
      "gulp-filelog": "^0.4.1",
      "gulp-jshint": "^2.1.0",
      "gulp-load-plugins": "^1.5.0",
      "gulp-plumber": "^1.2.0",
      "gulp-rename": "^1.4.0",
      "gulp-sourcemaps": "^2.6.4",
      "gulp-svg-sprite": "^1.5.0",
      "gulp-uglify": "^3.0.1",
      "jshint": "^2.9.6",
      "jshint-stylish": "^2.2.1",
      "merge-stream": "^1.0.1",
      "pump": "^3.0.0",
      "react": "^16.6.1",
      "react-dom": "^16.6.1",
      "run-sequence": "^2.2.1",
      "stylelint": "^9.7.1",
      "stylelint-order": "^1.0.0",
      "svg-sprite-loader": "^4.1.3",
      "tachyons": "^4.11.1",
      "webpack": "^4.26.1"
    },
    "dependencies": {
      "@babel/polyfill": "^7.0.0"
    }
  }

yarn manifest: 
  No manifest

Lockfile: 
  No lockfile
